Arguments: 
  C:\Program Files\nodejs\node.exe C:\Users\jeremiah\AppData\Roaming\npm\node_modules\yarn\bin\yarn.js add superjson

PATH: 
  C:\Users\jeremiah\bin;C:\Program Files\Git\mingw64\bin;C:\Program Files\Git\usr\local\bin;C:\Program Files\Git\usr\bin;C:\Program Files\Git\usr\bin;C:\Program Files\Git\mingw64\bin;C:\Program Files\Git\usr\bin;C:\Users\jeremiah\bin;C:\Program Files\MySQL\MySQL Server 8.0\bin;C:\sqlite;C:\Users\jeremiah\AppData\Roaming\npm;C:\chromedriver;C:\geckodriver;C:\Python310\Scripts;C:\Python310;C:\Python39\Scripts;C:\Python39;C:\tools\php-8.0.8;C:\WINDOWS\system32;C:\WINDOWS;C:\WINDOWS\System32\Wbem;C:\WINDOWS\System32\WindowsPowerShell\v1.0;C:\Program Files\Git\cmd;C:\ProgramData\ComposerSetup\bin;C:\Program Files\PuTTY;C:\ProgramData\chocolatey\bin;C:\WINDOWS\System32\OpenSSH;C:\Program Files\GitHub CLI;C:\Program Files\nodejs;C:\Program Files\Go\bin;C:\Program Files\clarinet\bin;C:\Program Files\dotnet;C:\Program Files\Docker\Docker\resources\bin;C:\Program Files (x86)\Yarn\bin;C:\Users\jeremiah\AppData\Local\Programs\Python\Python311\Scripts;C:\Users\jeremiah\AppData\Local\Programs\Python\Python311;C:\Program Files\MySQL\MySQL Server 8.0\bin;C:\sqlite;C:\ProgramData\chocolatey\lib\hugo\tools;C:\chromedriver;C:\Users\jeremiah\AppData\Local\Programs\Microsoft VS Code\bin;C:\Users\jeremiah\.dotnet\tools;C:\Users\jeremiah\.deno\bin;C:\Users\jeremiah\AppData\Local\Yarn\bin;C:\Users\jeremiah\AppData\Local\GitHubDesktop\bin;C:\Program Files\Git\usr\bin\vendor_perl;C:\Program Files\Git\usr\bin\core_perl

Yarn version: 
  1.22.19

Node version: 
  16.14.0

Platform: 
  win32 x64

Trace: 
  Error: connect EHOSTUNREACH 104.16.29.34:443
      at TCPConnectWrap.afterConnect [as oncomplete] (node:net:1157:16)

npm manifest: 
  {
  	"name": "monierate-website",
  	"version": "0.0.1",
  	"private": true,
  	"scripts": {
  		"dev": "vite dev",
  		"build": "vite build",
  		"preview": "vite preview",
  		"check": "svelte-kit sync && svelte-check --tsconfig ./jsconfig.json",
  		"check:watch": "svelte-kit sync && svelte-check --tsconfig ./jsconfig.json --watch",
  		"test": "playwright test",
  		"test:unit": "vitest",
  		"lint": "prettier --plugin-search-dir . --check . && eslint .",
  		"format": "prettier --plugin-search-dir . --write ."
  	},
  	"devDependencies": {
  		"@playwright/test": "^1.28.1",
  		"@sveltejs/adapter-auto": "^1.0.0",
  		"@sveltejs/kit": "^1.5.0",
  		"autoprefixer": "^10.4.13",
  		"eslint": "^8.28.0",
  		"eslint-config-prettier": "^8.5.0",
  		"eslint-plugin-svelte3": "^4.0.0",
  		"flowbite-typography": "^1.0.3",
  		"mdsvex": "^0.10.6",
  		"postcss": "^8.4.20",
  		"prettier": "^2.8.0",
  		"prettier-plugin-svelte": "^2.8.1",
  		"svelte": "^3.54.0",
  		"svelte-check": "^2.9.2",
  		"svelte-preprocess": "^5.0.0",
  		"tailwindcss": "^3.2.4",
  		"typescript": "^4.9.3",
  		"vite": "^4.0.0",
  		"vitest": "^0.25.3"
  	},
  	"type": "module",
  	"dependencies": {
  		"@multiavatar/multiavatar": "^1.0.7",
  		"currency.js": "^2.0.4",
  		"date-and-time": "^3.0.2",
  		"mathjs": "^11.8.0",
  		"svelte-clipboard": "^1.0.0",
  		"svelte-gestures": "^1.4.1"
  	}
  }

yarn manifest: 
  No manifest

Lockfile: 
  No lockfile
